INFO:uvicorn.error:Started server process [99201]
INFO:uvicorn.error:Waiting for application startup.
INFO:uvicorn.error:Application startup complete.
INFO:uvicorn.error:Uvicorn running on http://localhost:8000 (Press CTRL+C to quit)
INFO:API:Generating resolved, unresolved and backlog lists.
INFO:API:Accessed 1 time(s)
INFO:API:Generating resolved, unresolved and backlog lists.
INFO:API:Accessed 2 time(s)
INFO:API:Generating resolved, unresolved and backlog lists.
INFO:API:Accessed 3 time(s)
INFO:API:Generating resolved, unresolved and backlog lists.
INFO:API:Accessed 4 time(s)
INFO:API:Generating resolved, unresolved and backlog lists.
INFO:API:Accessed 5 time(s)
INFO:API:Generating resolved, unresolved and backlog lists.
INFO:API:Accessed 6 time(s)
INFO:API:Generating resolved, unresolved and backlog lists.
INFO:API:Accessed 7 time(s)
INFO:API:Generating resolved, unresolved and backlog lists.
INFO:API:Accessed 8 time(s)
INFO:API:Generating resolved, unresolved and backlog lists.
INFO:API:Accessed 9 time(s)
INFO:API:Generating resolved, unresolved and backlog lists.
INFO:API:Accessed 10 time(s)
INFO:API:Generating resolved, unresolved and backlog lists.
INFO:API:Accessed 11 time(s)
INFO:API:Generating resolved, unresolved and backlog lists.
INFO:API:Accessed 12 time(s)
INFO:API:Generating resolved, unresolved and backlog lists.
INFO:API:Accessed 13 time(s)
INFO:API:Generating resolved, unresolved and backlog lists.
INFO:API:Accessed 14 time(s)
INFO:API:Generating resolved, unresolved and backlog lists.
INFO:API:Accessed 15 time(s)
INFO:API:Generating resolved, unresolved and backlog lists.
INFO:API:Accessed 16 time(s)
INFO:API:Generating resolved, unresolved and backlog lists.
INFO:API:Accessed 17 time(s)
INFO:API:Generating resolved, unresolved and backlog lists.
INFO:API:Accessed 18 time(s)
INFO:API:Generating resolved, unresolved and backlog lists.
INFO:API:Accessed 19 time(s)
INFO:API:Generating resolved, unresolved and backlog lists.
INFO:API:Accessed 20 time(s)
INFO:API:Generating resolved, unresolved and backlog lists.
INFO:API:Accessed 21 time(s)
INFO:API:Generating resolved, unresolved and backlog lists.
INFO:API:Accessed 22 time(s)
INFO:API:Generating resolved, unresolved and backlog lists.
INFO:API:Accessed 23 time(s)
INFO:API:Generating resolved, unresolved and backlog lists.
INFO:API:Accessed 24 time(s)
INFO:API:Generating resolved, unresolved and backlog lists.
INFO:API:Accessed 25 time(s)
INFO:API:Generating resolved, unresolved and backlog lists.
INFO:API:Accessed 26 time(s)
INFO:API:Generating resolved, unresolved and backlog lists.
INFO:API:Accessed 27 time(s)
INFO:API:Generating resolved, unresolved and backlog lists.
INFO:API:Accessed 28 time(s)
INFO:API:Generating resolved, unresolved and backlog lists.
INFO:API:Accessed 29 time(s)
INFO:API:Generating resolved, unresolved and backlog lists.
INFO:API:Accessed 30 time(s)
INFO:API:Generating resolved, unresolved and backlog lists.
INFO:API:Accessed 31 time(s)
INFO:API:Generating resolved, unresolved and backlog lists.
INFO:API:Accessed 32 time(s)
INFO:API:Generating resolved, unresolved and backlog lists.
INFO:API:Accessed 33 time(s)
INFO:API:Generating resolved, unresolved and backlog lists.
INFO:API:Accessed 34 time(s)
INFO:API:Generating resolved, unresolved and backlog lists.
INFO:API:Accessed 35 time(s)
INFO:API:Generating resolved, unresolved and backlog lists.
INFO:API:Accessed 36 time(s)
INFO:API:Generating resolved, unresolved and backlog lists.
INFO:API:Accessed 37 time(s)
INFO:API:Generating resolved, unresolved and backlog lists.
INFO:API:Accessed 38 time(s)
INFO:API:Generating resolved, unresolved and backlog lists.
INFO:API:Accessed 39 time(s)
INFO:API:Generating resolved, unresolved and backlog lists.
INFO:API:Accessed 40 time(s)
INFO:API:Generating resolved, unresolved and backlog lists.
INFO:API:Accessed 41 time(s)
INFO:API:Generating resolved, unresolved and backlog lists.
INFO:API:Accessed 42 time(s)
INFO:API:Generating resolved, unresolved and backlog lists.
INFO:API:Accessed 43 time(s)
INFO:API:Generating resolved, unresolved and backlog lists.
INFO:API:Accessed 44 time(s)
INFO:API:Generating resolved, unresolved and backlog lists.
INFO:API:Accessed 45 time(s)
INFO:API:Generating resolved, unresolved and backlog lists.
INFO:API:Accessed 46 time(s)
INFO:API:Generating resolved, unresolved and backlog lists.
INFO:API:Accessed 47 time(s)
INFO:API:Generating resolved, unresolved and backlog lists.
INFO:API:Accessed 48 time(s)
INFO:API:Generating resolved, unresolved and backlog lists.
INFO:API:Accessed 49 time(s)
INFO:API:Generating resolved, unresolved and backlog lists.
INFO:API:Accessed 50 time(s)
INFO:API:Generating resolved, unresolved and backlog lists.
INFO:API:Accessed 51 time(s)
INFO:API:Generating resolved, unresolved and backlog lists.
INFO:API:Accessed 52 time(s)
INFO:API:Generating resolved, unresolved and backlog lists.
INFO:API:Accessed 53 time(s)
INFO:API:Generating resolved, unresolved and backlog lists.
INFO:API:Accessed 54 time(s)
INFO:API:Generating resolved, unresolved and backlog lists.
INFO:API:Accessed 55 time(s)
INFO:API:Generating resolved, unresolved and backlog lists.
INFO:API:Accessed 56 time(s)
INFO:API:Generating resolved, unresolved and backlog lists.
INFO:API:Accessed 57 time(s)
INFO:API:Generating resolved, unresolved and backlog lists.
INFO:API:Accessed 58 time(s)
INFO:API:Generating resolved, unresolved and backlog lists.
INFO:API:Accessed 59 time(s)
INFO:API:Generating resolved, unresolved and backlog lists.
INFO:API:Accessed 60 time(s)
INFO:API:Generating resolved, unresolved and backlog lists.
INFO:API:Accessed 61 time(s)
INFO:API:Generating resolved, unresolved and backlog lists.
INFO:API:Accessed 62 time(s)
INFO:API:Generating resolved, unresolved and backlog lists.
INFO:API:Accessed 63 time(s)
INFO:API:Generating resolved, unresolved and backlog lists.
INFO:API:Accessed 64 time(s)
INFO:API:Generating resolved, unresolved and backlog lists.
INFO:API:Accessed 65 time(s)
INFO:API:Generating resolved, unresolved and backlog lists.
INFO:API:Accessed 66 time(s)
INFO:API:Generating resolved, unresolved and backlog lists.
INFO:API:Accessed 67 time(s)
INFO:API:Generating resolved, unresolved and backlog lists.
INFO:API:Accessed 68 time(s)
INFO:API:Generating resolved, unresolved and backlog lists.
INFO:API:Accessed 69 time(s)
INFO:API:Generating resolved, unresolved and backlog lists.
INFO:API:Accessed 70 time(s)
INFO:API:Generating resolved, unresolved and backlog lists.
INFO:API:Accessed 71 time(s)
INFO:API:Generating resolved, unresolved and backlog lists.
INFO:API:Accessed 72 time(s)
INFO:API:Generating resolved, unresolved and backlog lists.
INFO:API:Accessed 73 time(s)
INFO:API:Generating resolved, unresolved and backlog lists.
INFO:API:Accessed 74 time(s)
INFO:API:Generating resolved, unresolved and backlog lists.
INFO:API:Accessed 75 time(s)
INFO:API:Generating resolved, unresolved and backlog lists.
INFO:API:Accessed 76 time(s)
INFO:API:Generating resolved, unresolved and backlog lists.
INFO:API:Accessed 77 time(s)
INFO:API:Generating resolved, unresolved and backlog lists.
INFO:API:Accessed 78 time(s)
INFO:API:Generating resolved, unresolved and backlog lists.
INFO:API:Accessed 79 time(s)
INFO:API:Generating resolved, unresolved and backlog lists.
INFO:API:Accessed 80 time(s)
INFO:API:Generating resolved, unresolved and backlog lists.
INFO:API:Accessed 81 time(s)
INFO:API:Generating resolved, unresolved and backlog lists.
INFO:API:Accessed 82 time(s)
INFO:API:Generating resolved, unresolved and backlog lists.
INFO:API:Accessed 83 time(s)
INFO:API:Generating resolved, unresolved and backlog lists.
INFO:API:Accessed 84 time(s)
INFO:API:Generating resolved, unresolved and backlog lists.
INFO:API:Accessed 85 time(s)
INFO:API:Generating resolved, unresolved and backlog lists.
INFO:API:Accessed 86 time(s)
INFO:API:Generating resolved, unresolved and backlog lists.
INFO:API:Accessed 87 time(s)
INFO:API:Generating resolved, unresolved and backlog lists.
INFO:API:Accessed 88 time(s)
INFO:API:Generating resolved, unresolved and backlog lists.
INFO:API:Accessed 89 time(s)
INFO:API:Generating resolved, unresolved and backlog lists.
INFO:API:Accessed 90 time(s)
INFO:API:Generating resolved, unresolved and backlog lists.
INFO:API:Accessed 91 time(s)
INFO:API:Generating resolved, unresolved and backlog lists.
INFO:API:Accessed 92 time(s)
INFO:API:Generating resolved, unresolved and backlog lists.
INFO:API:Accessed 93 time(s)
INFO:API:Generating resolved, unresolved and backlog lists.
INFO:API:Accessed 94 time(s)
INFO:API:Generating resolved, unresolved and backlog lists.
INFO:API:Accessed 95 time(s)
INFO:API:Generating resolved, unresolved and backlog lists.
INFO:API:Accessed 96 time(s)
INFO:API:Generating resolved, unresolved and backlog lists.
INFO:API:Accessed 97 time(s)
INFO:API:Generating resolved, unresolved and backlog lists.
INFO:API:Accessed 98 time(s)
INFO:API:Generating resolved, unresolved and backlog lists.
INFO:API:Accessed 99 time(s)
INFO:API:Generating resolved, unresolved and backlog lists.
INFO:API:Accessed 100 time(s)
INFO:API:Generating resolved, unresolved and backlog lists.
INFO:API:Accessed 101 time(s)
INFO:API:Generating resolved, unresolved and backlog lists.
INFO:API:Accessed 102 time(s)
INFO:API:Generating resolved, unresolved and backlog lists.
INFO:API:Accessed 103 time(s)
INFO:API:Generating resolved, unresolved and backlog lists.
INFO:API:Accessed 104 time(s)
INFO:API:Generating resolved, unresolved and backlog lists.
INFO:API:Accessed 105 time(s)
INFO:API:Generating resolved, unresolved and backlog lists.
INFO:API:Accessed 106 time(s)
INFO:API:Generating resolved, unresolved and backlog lists.
INFO:API:Accessed 107 time(s)
INFO:API:Generating resolved, unresolved and backlog lists.
INFO:API:Accessed 108 time(s)
INFO:API:Generating resolved, unresolved and backlog lists.
INFO:API:Accessed 109 time(s)
INFO:API:Generating resolved, unresolved and backlog lists.
INFO:API:Accessed 110 time(s)
INFO:API:Generating resolved, unresolved and backlog lists.
INFO:API:Accessed 111 time(s)
INFO:API:Generating resolved, unresolved and backlog lists.
INFO:API:Accessed 112 time(s)
INFO:API:Generating resolved, unresolved and backlog lists.
INFO:API:Accessed 113 time(s)
INFO:API:Generating resolved, unresolved and backlog lists.
INFO:API:Accessed 114 time(s)
INFO:API:Generating resolved, unresolved and backlog lists.
INFO:API:Accessed 115 time(s)
INFO:API:Generating resolved, unresolved and backlog lists.
INFO:API:Accessed 116 time(s)
INFO:API:Generating resolved, unresolved and backlog lists.
INFO:API:Accessed 117 time(s)
INFO:API:Generating resolved, unresolved and backlog lists.
INFO:API:Accessed 118 time(s)
INFO:API:Generating resolved, unresolved and backlog lists.
INFO:API:Accessed 119 time(s)
INFO:API:Generating resolved, unresolved and backlog lists.
INFO:API:Accessed 120 time(s)
INFO:API:Generating resolved, unresolved and backlog lists.
INFO:API:Accessed 121 time(s)
INFO:API:Generating resolved, unresolved and backlog lists.
INFO:API:Accessed 122 time(s)
INFO:API:Generating resolved, unresolved and backlog lists.
INFO:API:Accessed 123 time(s)
INFO:API:Generating resolved, unresolved and backlog lists.
INFO:API:Accessed 124 time(s)
INFO:API:Generating resolved, unresolved and backlog lists.
INFO:API:Accessed 125 time(s)
INFO:API:Generating resolved, unresolved and backlog lists.
INFO:API:Accessed 126 time(s)
INFO:API:Generating resolved, unresolved and backlog lists.
INFO:API:Accessed 127 time(s)
INFO:API:Generating resolved, unresolved and backlog lists.
INFO:API:Accessed 128 time(s)
INFO:API:Generating resolved, unresolved and backlog lists.
INFO:API:Accessed 129 time(s)
INFO:API:Generating resolved, unresolved and backlog lists.
INFO:API:Accessed 130 time(s)
INFO:API:Generating resolved, unresolved and backlog lists.
INFO:API:Accessed 131 time(s)
INFO:API:Generating resolved, unresolved and backlog lists.
INFO:API:Accessed 132 time(s)
INFO:API:Generating resolved, unresolved and backlog lists.
INFO:API:Accessed 133 time(s)
INFO:API:Generating resolved, unresolved and backlog lists.
INFO:API:Accessed 134 time(s)
INFO:API:Generating resolved, unresolved and backlog lists.
INFO:API:Accessed 135 time(s)
INFO:API:Generating resolved, unresolved and backlog lists.
INFO:API:Accessed 136 time(s)
INFO:API:Generating resolved, unresolved and backlog lists.
INFO:API:Accessed 137 time(s)
INFO:API:Generating resolved, unresolved and backlog lists.
INFO:API:Accessed 138 time(s)
INFO:API:Generating resolved, unresolved and backlog lists.
INFO:API:Accessed 139 time(s)
INFO:API:Generating resolved, unresolved and backlog lists.
INFO:API:Accessed 140 time(s)
INFO:API:Generating resolved, unresolved and backlog lists.
INFO:API:Accessed 141 time(s)
INFO:API:Generating resolved, unresolved and backlog lists.
INFO:API:Accessed 142 time(s)
INFO:API:Generating resolved, unresolved and backlog lists.
INFO:API:Accessed 143 time(s)
INFO:API:Generating resolved, unresolved and backlog lists.
INFO:API:Accessed 144 time(s)
INFO:API:Generating resolved, unresolved and backlog lists.
INFO:API:Accessed 145 time(s)
INFO:API:Generating resolved, unresolved and backlog lists.
INFO:API:Accessed 146 time(s)
INFO:API:Generating resolved, unresolved and backlog lists.
INFO:API:Accessed 147 time(s)
INFO:API:Generating resolved, unresolved and backlog lists.
INFO:API:Accessed 148 time(s)
INFO:API:Generating resolved, unresolved and backlog lists.
INFO:API:Accessed 149 time(s)
INFO:API:Generating resolved, unresolved and backlog lists.
INFO:API:Accessed 150 time(s)
INFO:API:Generating resolved, unresolved and backlog lists.
INFO:API:Accessed 151 time(s)
INFO:API:Generating resolved, unresolved and backlog lists.
INFO:API:Accessed 152 time(s)
INFO:API:Generating resolved, unresolved and backlog lists.
INFO:API:Accessed 153 time(s)
INFO:API:Generating resolved, unresolved and backlog lists.
INFO:API:Accessed 154 time(s)
INFO:API:Generating resolved, unresolved and backlog lists.
INFO:API:Accessed 155 time(s)
INFO:API:Generating resolved, unresolved and backlog lists.
INFO:API:Accessed 156 time(s)
INFO:API:Generating resolved, unresolved and backlog lists.
INFO:API:Accessed 157 time(s)
INFO:API:Generating resolved, unresolved and backlog lists.
INFO:API:Accessed 158 time(s)
INFO:API:Generating resolved, unresolved and backlog lists.
INFO:API:Accessed 159 time(s)
INFO:API:Generating resolved, unresolved and backlog lists.
INFO:API:Accessed 160 time(s)
INFO:API:Generating resolved, unresolved and backlog lists.
INFO:API:Accessed 161 time(s)
INFO:API:Generating resolved, unresolved and backlog lists.
INFO:API:Accessed 162 time(s)
INFO:API:Generating resolved, unresolved and backlog lists.
INFO:API:Accessed 163 time(s)
INFO:API:Generating resolved, unresolved and backlog lists.
INFO:API:Accessed 164 time(s)
INFO:API:Generating resolved, unresolved and backlog lists.
INFO:API:Accessed 165 time(s)
INFO:API:Generating resolved, unresolved and backlog lists.
INFO:API:Accessed 166 time(s)
INFO:API:Generating resolved, unresolved and backlog lists.
INFO:API:Accessed 167 time(s)
INFO:API:Generating resolved, unresolved and backlog lists.
INFO:API:Accessed 168 time(s)
INFO:API:Generating resolved, unresolved and backlog lists.
INFO:API:Accessed 169 time(s)
INFO:API:Generating resolved, unresolved and backlog lists.
INFO:API:Accessed 170 time(s)
INFO:API:Generating resolved, unresolved and backlog lists.
INFO:API:Accessed 171 time(s)
INFO:API:Generating resolved, unresolved and backlog lists.
INFO:API:Accessed 172 time(s)
INFO:API:Generating resolved, unresolved and backlog lists.
INFO:API:Accessed 173 time(s)
INFO:API:Generating resolved, unresolved and backlog lists.
INFO:API:Accessed 174 time(s)
INFO:API:Generating resolved, unresolved and backlog lists.
INFO:API:Accessed 175 time(s)
INFO:API:Generating resolved, unresolved and backlog lists.
INFO:API:Accessed 176 time(s)
INFO:API:Generating resolved, unresolved and backlog lists.
INFO:API:Accessed 177 time(s)
INFO:API:Generating resolved, unresolved and backlog lists.
INFO:API:Accessed 178 time(s)
INFO:API:Generating resolved, unresolved and backlog lists.
INFO:API:Accessed 179 time(s)
INFO:API:Generating resolved, unresolved and backlog lists.
INFO:API:Accessed 180 time(s)
INFO:API:Generating resolved, unresolved and backlog lists.
INFO:API:Accessed 181 time(s)
INFO:API:Generating resolved, unresolved and backlog lists.
INFO:API:Accessed 182 time(s)
INFO:API:Generating resolved, unresolved and backlog lists.
INFO:API:Accessed 183 time(s)
INFO:API:Generating resolved, unresolved and backlog lists.
INFO:API:Accessed 184 time(s)
INFO:API:Generating resolved, unresolved and backlog lists.
INFO:API:Accessed 185 time(s)
INFO:API:Generating resolved, unresolved and backlog lists.
INFO:API:Accessed 186 time(s)
INFO:API:Generating resolved, unresolved and backlog lists.
INFO:API:Accessed 187 time(s)
INFO:API:Generating resolved, unresolved and backlog lists.
INFO:API:Accessed 188 time(s)
INFO:API:Generating resolved, unresolved and backlog lists.
INFO:API:Accessed 189 time(s)
INFO:API:Generating resolved, unresolved and backlog lists.
INFO:API:Accessed 190 time(s)
INFO:API:Generating resolved, unresolved and backlog lists.
INFO:API:Accessed 191 time(s)
INFO:API:Generating resolved, unresolved and backlog lists.
INFO:API:Accessed 192 time(s)
INFO:API:Generating resolved, unresolved and backlog lists.
INFO:API:Accessed 193 time(s)
INFO:API:Generating resolved, unresolved and backlog lists.
INFO:API:Accessed 194 time(s)
INFO:API:Generating resolved, unresolved and backlog lists.
INFO:API:Accessed 195 time(s)
INFO:API:Generating resolved, unresolved and backlog lists.
INFO:API:Accessed 196 time(s)
INFO:API:Generating resolved, unresolved and backlog lists.
INFO:API:Accessed 197 time(s)
INFO:API:Generating resolved, unresolved and backlog lists.
INFO:API:Accessed 198 time(s)
INFO:API:Generating resolved, unresolved and backlog lists.
INFO:API:Accessed 199 time(s)
INFO:API:Generating resolved, unresolved and backlog lists.
INFO:API:Accessed 200 time(s)
INFO:API:Generating resolved, unresolved and backlog lists.
INFO:API:Accessed 201 time(s)
INFO:API:Generating resolved, unresolved and backlog lists.
INFO:API:Accessed 202 time(s)
INFO:API:Generating resolved, unresolved and backlog lists.
INFO:API:Accessed 203 time(s)
INFO:API:Generating resolved, unresolved and backlog lists.
INFO:API:Accessed 204 time(s)
INFO:API:Generating resolved, unresolved and backlog lists.
INFO:API:Accessed 205 time(s)
INFO:API:Generating resolved, unresolved and backlog lists.
INFO:API:Accessed 206 time(s)
INFO:API:Generating resolved, unresolved and backlog lists.
INFO:API:Accessed 207 time(s)
INFO:API:Generating resolved, unresolved and backlog lists.
INFO:API:Accessed 208 time(s)
INFO:API:Generating resolved, unresolved and backlog lists.
INFO:API:Accessed 209 time(s)
INFO:API:Generating resolved, unresolved and backlog lists.
INFO:API:Accessed 210 time(s)
INFO:API:Generating resolved, unresolved and backlog lists.
INFO:API:Accessed 211 time(s)
INFO:API:Generating resolved, unresolved and backlog lists.
INFO:API:Accessed 212 time(s)
INFO:API:Generating resolved, unresolved and backlog lists.
INFO:API:Accessed 213 time(s)
INFO:API:Generating resolved, unresolved and backlog lists.
INFO:API:Accessed 214 time(s)
INFO:API:Generating resolved, unresolved and backlog lists.
INFO:API:Accessed 215 time(s)
INFO:API:Generating resolved, unresolved and backlog lists.
INFO:API:Accessed 216 time(s)
INFO:API:Generating resolved, unresolved and backlog lists.
INFO:API:Accessed 217 time(s)
INFO:API:Generating resolved, unresolved and backlog lists.
INFO:API:Accessed 218 time(s)
INFO:API:Generating resolved, unresolved and backlog lists.
INFO:API:Accessed 219 time(s)
INFO:API:Generating resolved, unresolved and backlog lists.
INFO:API:Accessed 220 time(s)
INFO:API:Generating resolved, unresolved and backlog lists.
INFO:API:Accessed 221 time(s)
INFO:API:Generating resolved, unresolved and backlog lists.
INFO:API:Accessed 222 time(s)
INFO:API:Generating resolved, unresolved and backlog lists.
INFO:API:Accessed 223 time(s)
INFO:API:Generating resolved, unresolved and backlog lists.
INFO:API:Accessed 224 time(s)
INFO:API:Generating resolved, unresolved and backlog lists.
INFO:API:Accessed 225 time(s)
INFO:API:Generating resolved, unresolved and backlog lists.
INFO:API:Accessed 226 time(s)
INFO:API:Generating resolved, unresolved and backlog lists.
INFO:API:Accessed 227 time(s)
INFO:API:Generating resolved, unresolved and backlog lists.
INFO:API:Accessed 228 time(s)
INFO:API:Generating resolved, unresolved and backlog lists.
INFO:API:Accessed 229 time(s)
INFO:API:Generating resolved, unresolved and backlog lists.
INFO:API:Accessed 230 time(s)
INFO:API:Generating resolved, unresolved and backlog lists.
INFO:API:Accessed 231 time(s)
INFO:API:Generating resolved, unresolved and backlog lists.
INFO:API:Accessed 232 time(s)
INFO:API:Generating resolved, unresolved and backlog lists.
INFO:API:Accessed 233 time(s)
INFO:API:Generating resolved, unresolved and backlog lists.
INFO:API:Accessed 234 time(s)
INFO:API:Generating resolved, unresolved and backlog lists.
INFO:API:Accessed 235 time(s)
INFO:API:Generating resolved, unresolved and backlog lists.
INFO:API:Accessed 236 time(s)
INFO:API:Generating resolved, unresolved and backlog lists.
INFO:API:Accessed 237 time(s)
INFO:API:Generating resolved, unresolved and backlog lists.
INFO:API:Accessed 238 time(s)
INFO:API:Generating resolved, unresolved and backlog lists.
INFO:API:Accessed 239 time(s)
INFO:API:Generating resolved, unresolved and backlog lists.
INFO:API:Accessed 240 time(s)
INFO:API:Generating resolved, unresolved and backlog lists.
INFO:API:Accessed 241 time(s)
INFO:API:Generating resolved, unresolved and backlog lists.
INFO:API:Accessed 242 time(s)
INFO:API:Generating resolved, unresolved and backlog lists.
INFO:API:Accessed 243 time(s)
